=== Importador de SAIs/PSAIs ===
Cache local: C:\Users\6038243\Thomson Reuters Incorporated\CursorFolha - General\scripts\cache
Fracionados (OneDrive): C:\Users\6038243\Thomson Reuters Incorporated\CursorFolha - General\banco-dados\dados-brutos
Indices (OneDrive): C:\Users\6038243\Thomson Reuters Incorporated\CursorFolha - General\banco-dados\sais\indices

[ODBC] DSN 'pbcvs9' encontrado. Extraindo direto do banco...

============================================================
  EXTRATOR SAI/PSAI - Folha de Pagamento
  Modo: COMPLETO | DSN: pbcvs9 | Area: FOLHA
  Ano inicial: 2002
============================================================

  [conexao] Pool ODBC aberto (DSN: pbcvs9)
[1/2] Testando conexao...
  Conexao OK
[2/3] Extraindo...
  Contando registros (ano >= 2002)...
  Total encontrado: 35307 registros
  Extraindo situacoes SAI...
  Extraindo situacoes PSAI...
  53 situacoes SAI, 34 situacoes PSAI
  Lote 1/707 - extraindo 1-50 de 35307...
 OK (50/35307 = 0.1% | vel: 42/min | ETA: 839min)
  Lote 2/707 - extraindo 51-100 de 35307...
 OK (100/35307 = 0.3% | vel: 41/min | ETA: 859min)
  Lote 3/707 - extraindo 101-150 de 35307...
 OK (150/35307 = 0.4% | vel: 41/min | ETA: 857min)
  Lote 4/707 - extraindo 151-200 de 35307...
 OK (200/35307 = 0.6% | vel: 41/min | ETA: 856min)
  Lote 5/707 - extraindo 201-250 de 35307...
 OK (250/35307 = 0.7% | vel: 41/min | ETA: 855min)
  Lote 6/707 - extraindo 251-300 de 35307...
 OK (300/35307 = 0.8% | vel: 41/min | ETA: 854min)
  Lote 7/707 - extraindo 301-350 de 35307...
 OK (350/35307 = 1% | vel: 40/min | ETA: 874min)
  Lote 8/707 - extraindo 351-400 de 35307...
 OK (400/35307 = 1.1% | vel: 40/min | ETA: 873min)
  Lote 9/707 - extraindo 401-450 de 35307...
 OK (450/35307 = 1.3% | vel: 40/min | ETA: 871min)
  Lote 10/707 - extraindo 451-500 de 35307...
 OK (500/35307 = 1.4% | vel: 40/min | ETA: 870min)
  Lote 11/707 - extraindo 501-550 de 35307...
 OK (550/35307 = 1.6% | vel: 40/min | ETA: 869min)
  Lote 12/707 - extraindo 551-600 de 35307...
 OK (600/35307 = 1.7% | vel: 40/min | ETA: 868min)
  Lote 13/707 - extraindo 601-650 de 35307...
 OK (650/35307 = 1.8% | vel: 40/min | ETA: 866min)
  Lote 14/707 - extraindo 651-700 de 35307...
 OK (700/35307 = 2% | vel: 40/min | ETA: 865min)
  Lote 15/707 - extraindo 701-750 de 35307...
 OK (750/35307 = 2.1% | vel: 40/min | ETA: 864min)
  [reconexao preventiva]
  [conexao] Reconectando...
  [conexao] Pool ODBC aberto (DSN: pbcvs9)
  Lote 16/707 - extraindo 751-800 de 35307...
 OK (800/35307 = 2.3% | vel: 40/min | ETA: 863min)
  Lote 17/707 - extraindo 801-850 de 35307...
 OK (850/35307 = 2.4% | vel: 40/min | ETA: 861min)
  Lote 18/707 - extraindo 851-900 de 35307...
 OK (900/35307 = 2.5% | vel: 40/min | ETA: 860min)
  Lote 19/707 - extraindo 901-950 de 35307...
 OK (950/35307 = 2.7% | vel: 40/min | ETA: 859min)
  Lote 20/707 - extraindo 951-1000 de 35307...
 OK (1000/35307 = 2.8% | vel: 40/min | ETA: 858min)
  Lote 21/707 - extraindo 1001-1050 de 35307...
 OK (1050/35307 = 3% | vel: 40/min | ETA: 856min)
  Lote 22/707 - extraindo 1051-1100 de 35307...
 OK (1100/35307 = 3.1% | vel: 40/min | ETA: 855min)
  Lote 23/707 - extraindo 1101-1150 de 35307...
 OK (1150/35307 = 3.3% | vel: 40/min | ETA: 854min)
  Lote 24/707 - extraindo 1151-1200 de 35307...
 OK (1200/35307 = 3.4% | vel: 40/min | ETA: 853min)
  Lote 25/707 - extraindo 1201-1250 de 35307...
 OK (1250/35307 = 3.5% | vel: 40/min | ETA: 851min)
  Lote 26/707 - extraindo 1251-1300 de 35307...
 OK (1300/35307 = 3.7% | vel: 40/min | ETA: 850min)
  Lote 27/707 - extraindo 1301-1350 de 35307...
 OK (1350/35307 = 3.8% | vel: 40/min | ETA: 849min)
  Lote 28/707 - extraindo 1351-1400 de 35307...
 OK (1400/35307 = 4% | vel: 40/min | ETA: 848min)
  Lote 29/707 - extraindo 1401-1450 de 35307...
